[2025-05-07 18:44:53] Login process started
[2025-05-07 18:44:53] POST request received: Array
(
    [email] => admin@vinpearl.com
    [password] => admin123
    [name] => 
    [password_confirm] => 
)

[2025-05-07 18:44:53] Processing login for email: admin@vinpearl.com
[2025-05-07 18:44:53] Query: SELECT * FROM users WHERE email = ?
[2025-05-07 18:44:53] Query execution complete, rows found: 1
[2025-05-07 18:44:53] User data retrieved: Array
(
    [id] => 1
    [name] => Admin User
    [email] => admin@vinpearl.com
    [password] => $2y$12$pWfZgtphiF8KrezO6fwdL.OMTlTyTtgkWvpmLyQKuPWQZz0q75P7u
    [role] => ADMIN
    [created_at] => 2025-05-07 12:59:40
    [updated_at] => 
)

[2025-05-07 18:44:53] Login successful, session data set: Array
(
    [last_regeneration] => 1746643451
    [user_id] => 1
    [user_name] => Admin User
    [user_email] => admin@vinpearl.com
    [user_role] => ADMIN
    [logged_in_at] => 1746643493
)

[2025-05-07 18:44:53] Redirecting to homepage
